# JRE version: Java(TM) SE Runtime Environment (22.0.2+9) (build 22.0.2+9-70)
# Java VM: Java HotSpot(TM) 64-Bit Server VM (22.0.2+9-70, mixed mode, sharing, tiered, compressed oops, compressed class ptrs, g1 gc, bsd-aarch64)
Heap:
 garbage-first heap   total reserved 4194304K, committed 264192K, used 38287K [0x0000000700000000, 0x0000000800000000)
  region size 2048K, 7 young (14336K), 1 survivors (2048K)
 Metaspace       used 10726K, committed 11008K, reserved 1114112K
  class space    used 1085K, committed 1216K, reserved 1048576K
GC Heap History (20 events):
Event: 768.953 GC heap before
{Heap before GC invocations=19 (full 0):
 garbage-first heap   total reserved 4194304K, committed 264192K, used 179581K [0x0000000700000000, 0x0000000800000000)
  region size 2048K, 76 young (155648K), 1 survivors (2048K)
 Metaspace       used 10726K, committed 11008K, reserved 1114112K
  class space    used 1085K, committed 1216K, reserved 1048576K
}
Event: 768.955 GC heap after
{Heap after GC invocations=20 (full 0):
 garbage-first heap   total reserved 4194304K, committed 264192K, used 25992K [0x0000000700000000, 0x0000000800000000)
  region size 2048K, 1 young (2048K), 1 survivors (2048K)
 Metaspace       used 10726K, committed 11008K, reserved 1114112K
  class space    used 1085K, committed 1216K, reserved 1048576K
}
Event: 830.543 GC heap before
{Heap before GC invocations=20 (full 0):
 garbage-first heap   total reserved 4194304K, committed 264192K, used 179592K [0x0000000700000000, 0x0000000800000000)
  region size 2048K, 76 young (155648K), 1 survivors (2048K)
 Metaspace       used 10726K, committed 11008K, reserved 1114112K
  class space    used 1085K, committed 1216K, reserved 1048576K
}
Event: 830.545 GC heap after
{Heap after GC invocations=21 (full 0):
 garbage-first heap   total reserved 4194304K, committed 264192K, used 25999K [0x0000000700000000, 0x0000000800000000)
  region size 2048K, 1 young (2048K), 1 survivors (2048K)
 Metaspace       used 10726K, committed 11008K, reserved 1114112K
  class space    used 1085K, committed 1216K, reserved 1048576K
}
Event: 909.844 GC heap before
{Heap before GC invocations=21 (full 0):
 garbage-first heap   total reserved 4194304K, committed 264192K, used 179599K [0x0000000700000000, 0x0000000800000000)
  region size 2048K, 76 young (155648K), 1 survivors (2048K)
 Metaspace       used 10726K, committed 11008K, reserved 1114112K
  class space    used 1085K, committed 1216K, reserved 1048576K
}
Event: 909.845 GC heap after
{Heap after GC invocations=22 (full 0):
 garbage-first heap   total reserved 4194304K, committed 264192K, used 25994K [0x0000000700000000, 0x0000000800000000)
  region size 2048K, 1 young (2048K), 1 survivors (2048K)
 Metaspace       used 10726K, committed 11008K, reserved 1114112K
  class space    used 1085K, committed 1216K, reserved 1048576K
}
Event: 980.574 GC heap before
{Heap before GC invocations=22 (full 0):
 garbage-first heap   total reserved 4194304K, committed 264192K, used 179594K [0x0000000700000000, 0x0000000800000000)
  region size 2048K, 76 young (155648K), 1 survivors (2048K)
 Metaspace       used 10726K, committed 11008K, reserved 1114112K
  class space    used 1085K, committed 1216K, reserved 1048576K
}
Event: 980.576 GC heap after
{Heap after GC invocations=23 (full 0):
 garbage-first heap   total reserved 4194304K, committed 264192K, used 25994K [0x0000000700000000, 0x0000000800000000)
  region size 2048K, 1 young (2048K), 1 survivors (2048K)
 Metaspace       used 10726K, committed 11008K, reserved 1114112K
  class space    used 1085K, committed 1216K, reserved 1048576K
}
Event: 1058.730 GC heap before
{Heap before GC invocations=23 (full 0):
 garbage-first heap   total reserved 4194304K, committed 264192K, used 179594K [0x0000000700000000, 0x0000000800000000)
  region size 2048K, 76 young (155648K), 1 survivors (2048K)
 Metaspace       used 10726K, committed 11008K, reserved 1114112K
  class space    used 1085K, committed 1216K, reserved 1048576K
}
Event: 1058.731 GC heap after
{Heap after GC invocations=24 (full 0):
 garbage-first heap   total reserved 4194304K, committed 264192K, used 25992K [0x0000000700000000, 0x0000000800000000)
  region size 2048K, 1 young (2048K), 1 survivors (2048K)
 Metaspace       used 10726K, committed 11008K, reserved 1114112K
  class space    used 1085K, committed 1216K, reserved 1048576K
}
Event: 1106.165 GC heap before
{Heap before GC invocations=24 (full 0):
 garbage-first heap   total reserved 4194304K, committed 264192K, used 179592K [0x0000000700000000, 0x0000000800000000)
  region size 2048K, 76 young (155648K), 1 survivors (2048K)
 Metaspace       used 10726K, committed 11008K, reserved 1114112K
  class space    used 1085K, committed 1216K, reserved 1048576K
}
Event: 1106.168 GC heap after
{Heap after GC invocations=25 (full 0):
 garbage-first heap   total reserved 4194304K, committed 264192K, used 25994K [0x0000000700000000, 0x0000000800000000)
  region size 2048K, 1 young (2048K), 1 survivors (2048K)
 Metaspace       used 10726K, committed 11008K, reserved 1114112K
  class space    used 1085K, committed 1216K, reserved 1048576K
}
Event: 1155.959 GC heap before
{Heap before GC invocations=25 (full 0):
 garbage-first heap   total reserved 4194304K, committed 264192K, used 179594K [0x0000000700000000, 0x0000000800000000)
  region size 2048K, 76 young (155648K), 1 survivors (2048K)
 Metaspace       used 10726K, committed 11008K, reserved 1114112K
  class space    used 1085K, committed 1216K, reserved 1048576K
}
Event: 1155.960 GC heap after
{Heap after GC invocations=26 (full 0):
 garbage-first heap   total reserved 4194304K, committed 264192K, used 25992K [0x0000000700000000, 0x0000000800000000)
  region size 2048K, 1 young (2048K), 1 survivors (2048K)
 Metaspace       used 10726K, committed 11008K, reserved 1114112K
  class space    used 1085K, committed 1216K, reserved 1048576K
}
Event: 1220.293 GC heap before
{Heap before GC invocations=26 (full 0):
 garbage-first heap   total reserved 4194304K, committed 264192K, used 179592K [0x0000000700000000, 0x0000000800000000)
  region size 2048K, 76 young (155648K), 1 survivors (2048K)
 Metaspace       used 10726K, committed 11008K, reserved 1114112K
  class space    used 1085K, committed 1216K, reserved 1048576K
}
Event: 1220.295 GC heap after
{Heap after GC invocations=27 (full 0):
 garbage-first heap   total reserved 4194304K, committed 264192K, used 25992K [0x0000000700000000, 0x0000000800000000)
  region size 2048K, 1 young (2048K), 1 survivors (2048K)
 Metaspace       used 10726K, committed 11008K, reserved 1114112K
  class space    used 1085K, committed 1216K, reserved 1048576K
}
Event: 1260.031 GC heap before
{Heap before GC invocations=27 (full 0):
 garbage-first heap   total reserved 4194304K, committed 264192K, used 179592K [0x0000000700000000, 0x0000000800000000)
  region size 2048K, 76 young (155648K), 1 survivors (2048K)
 Metaspace       used 10726K, committed 11008K, reserved 1114112K
  class space    used 1085K, committed 1216K, reserved 1048576K
}
Event: 1260.033 GC heap after
{Heap after GC invocations=28 (full 0):
 garbage-first heap   total reserved 4194304K, committed 264192K, used 25997K [0x0000000700000000, 0x0000000800000000)
  region size 2048K, 1 young (2048K), 1 survivors (2048K)
 Metaspace       used 10726K, committed 11008K, reserved 1114112K
  class space    used 1085K, committed 1216K, reserved 1048576K
}
Event: 1301.452 GC heap before
{Heap before GC invocations=28 (full 0):
 garbage-first heap   total reserved 4194304K, committed 264192K, used 179597K [0x0000000700000000, 0x0000000800000000)
  region size 2048K, 76 young (155648K), 1 survivors (2048K)
 Metaspace       used 10726K, committed 11008K, reserved 1114112K
  class space    used 1085K, committed 1216K, reserved 1048576K
}
Event: 1301.453 GC heap after
{Heap after GC invocations=29 (full 0):
 garbage-first heap   total reserved 4194304K, committed 264192K, used 25999K [0x0000000700000000, 0x0000000800000000)
  region size 2048K, 1 young (2048K), 1 survivors (2048K)
 Metaspace       used 10726K, committed 11008K, reserved 1114112K
  class space    used 1085K, committed 1216K, reserved 1048576K
}

