# JRE version: Java(TM) SE Runtime Environment (22.0.2+9) (build 22.0.2+9-70)
# Java VM: Java HotSpot(TM) 64-Bit Server VM (22.0.2+9-70, mixed mode, sharing, tiered, compressed oops, compressed class ptrs, g1 gc, bsd-aarch64)
Heap:
 garbage-first heap   total reserved 4194304K, committed 264192K, used 86366K [0x0000000700000000, 0x0000000800000000)
  region size 2048K, 42 young (86016K), 2 survivors (4096K)
 Metaspace       used 9204K, committed 9408K, reserved 1114112K
  class space    used 933K, committed 1024K, reserved 1048576K
GC Heap History (16 events):
Event: 2.642 GC heap before
{Heap before GC invocations=0 (full 0):
 garbage-first heap   total reserved 4194304K, committed 264192K, used 25617K [0x0000000700000000, 0x0000000800000000)
  region size 2048K, 12 young (24576K), 0 survivors (0K)
 Metaspace       used 8595K, committed 8768K, reserved 1114112K
  class space    used 898K, committed 960K, reserved 1048576K
}
Event: 2.645 GC heap after
{Heap after GC invocations=1 (full 0):
 garbage-first heap   total reserved 4194304K, committed 264192K, used 4573K [0x0000000700000000, 0x0000000800000000)
  region size 2048K, 2 young (4096K), 2 survivors (4096K)
 Metaspace       used 8595K, committed 8768K, reserved 1114112K
  class space    used 898K, committed 960K, reserved 1048576K
}
Event: 10.692 GC heap before
{Heap before GC invocations=1 (full 0):
 garbage-first heap   total reserved 4194304K, committed 264192K, used 61917K [0x0000000700000000, 0x0000000800000000)
  region size 2048K, 30 young (61440K), 2 survivors (4096K)
 Metaspace       used 8879K, committed 9088K, reserved 1114112K
  class space    used 898K, committed 960K, reserved 1048576K
}
Event: 10.693 GC heap after
{Heap after GC invocations=2 (full 0):
 garbage-first heap   total reserved 4194304K, committed 264192K, used 4647K [0x0000000700000000, 0x0000000800000000)
  region size 2048K, 2 young (4096K), 2 survivors (4096K)
 Metaspace       used 8879K, committed 9088K, reserved 1114112K
  class space    used 898K, committed 960K, reserved 1048576K
}
Event: 37.358 GC heap before
{Heap before GC invocations=2 (full 0):
 garbage-first heap   total reserved 4194304K, committed 264192K, used 156199K [0x0000000700000000, 0x0000000800000000)
  region size 2048K, 76 young (155648K), 2 survivors (4096K)
 Metaspace       used 9186K, committed 9408K, reserved 1114112K
  class space    used 932K, committed 1024K, reserved 1048576K
}
Event: 37.361 GC heap after
{Heap after GC invocations=3 (full 0):
 garbage-first heap   total reserved 4194304K, committed 264192K, used 4623K [0x0000000700000000, 0x0000000800000000)
  region size 2048K, 2 young (4096K), 2 survivors (4096K)
 Metaspace       used 9186K, committed 9408K, reserved 1114112K
  class space    used 932K, committed 1024K, reserved 1048576K
}
Event: 65.875 GC heap before
{Heap before GC invocations=3 (full 0):
 garbage-first heap   total reserved 4194304K, committed 264192K, used 156175K [0x0000000700000000, 0x0000000800000000)
  region size 2048K, 76 young (155648K), 2 survivors (4096K)
 Metaspace       used 9189K, committed 9408K, reserved 1114112K
  class space    used 932K, committed 1024K, reserved 1048576K
}
Event: 65.879 GC heap after
{Heap after GC invocations=4 (full 0):
 garbage-first heap   total reserved 4194304K, committed 264192K, used 4568K [0x0000000700000000, 0x0000000800000000)
  region size 2048K, 2 young (4096K), 2 survivors (4096K)
 Metaspace       used 9189K, committed 9408K, reserved 1114112K
  class space    used 932K, committed 1024K, reserved 1048576K
}
Event: 93.943 GC heap before
{Heap before GC invocations=4 (full 0):
 garbage-first heap   total reserved 4194304K, committed 264192K, used 156120K [0x0000000700000000, 0x0000000800000000)
  region size 2048K, 76 young (155648K), 2 survivors (4096K)
 Metaspace       used 9204K, committed 9408K, reserved 1114112K
  class space    used 933K, committed 1024K, reserved 1048576K
}
Event: 93.945 GC heap after
{Heap after GC invocations=5 (full 0):
 garbage-first heap   total reserved 4194304K, committed 264192K, used 4523K [0x0000000700000000, 0x0000000800000000)
  region size 2048K, 2 young (4096K), 2 survivors (4096K)
 Metaspace       used 9204K, committed 9408K, reserved 1114112K
  class space    used 933K, committed 1024K, reserved 1048576K
}
Event: 122.159 GC heap before
{Heap before GC invocations=5 (full 0):
 garbage-first heap   total reserved 4194304K, committed 264192K, used 156075K [0x0000000700000000, 0x0000000800000000)
  region size 2048K, 76 young (155648K), 2 survivors (4096K)
 Metaspace       used 9204K, committed 9408K, reserved 1114112K
  class space    used 933K, committed 1024K, reserved 1048576K
}
Event: 122.161 GC heap after
{Heap after GC invocations=6 (full 0):
 garbage-first heap   total reserved 4194304K, committed 264192K, used 4582K [0x0000000700000000, 0x0000000800000000)
  region size 2048K, 2 young (4096K), 2 survivors (4096K)
 Metaspace       used 9204K, committed 9408K, reserved 1114112K
  class space    used 933K, committed 1024K, reserved 1048576K
}
Event: 150.643 GC heap before
{Heap before GC invocations=6 (full 0):
 garbage-first heap   total reserved 4194304K, committed 264192K, used 156134K [0x0000000700000000, 0x0000000800000000)
  region size 2048K, 76 young (155648K), 2 survivors (4096K)
 Metaspace       used 9204K, committed 9408K, reserved 1114112K
  class space    used 933K, committed 1024K, reserved 1048576K
}
Event: 150.645 GC heap after
{Heap after GC invocations=7 (full 0):
 garbage-first heap   total reserved 4194304K, committed 264192K, used 4496K [0x0000000700000000, 0x0000000800000000)
  region size 2048K, 2 young (4096K), 2 survivors (4096K)
 Metaspace       used 9204K, committed 9408K, reserved 1114112K
  class space    used 933K, committed 1024K, reserved 1048576K
}
Event: 179.059 GC heap before
{Heap before GC invocations=7 (full 0):
 garbage-first heap   total reserved 4194304K, committed 264192K, used 156048K [0x0000000700000000, 0x0000000800000000)
  region size 2048K, 76 young (155648K), 2 survivors (4096K)
 Metaspace       used 9204K, committed 9408K, reserved 1114112K
  class space    used 933K, committed 1024K, reserved 1048576K
}
Event: 179.061 GC heap after
{Heap after GC invocations=8 (full 0):
 garbage-first heap   total reserved 4194304K, committed 264192K, used 4446K [0x0000000700000000, 0x0000000800000000)
  region size 2048K, 2 young (4096K), 2 survivors (4096K)
 Metaspace       used 9204K, committed 9408K, reserved 1114112K
  class space    used 933K, committed 1024K, reserved 1048576K
}

