# JRE version: Java(TM) SE Runtime Environment (22.0.2+9) (build 22.0.2+9-70)
# Java VM: Java HotSpot(TM) 64-Bit Server VM (22.0.2+9-70, mixed mode, sharing, tiered, compressed oops, compressed class ptrs, g1 gc, bsd-aarch64)
Heap:
 garbage-first heap   total reserved 4194304K, committed 264192K, used 63482K [0x0000000700000000, 0x0000000800000000)
  region size 2048K, 30 young (61440K), 1 survivors (2048K)
 Metaspace       used 10163K, committed 10432K, reserved 1114112K
  class space    used 1036K, committed 1152K, reserved 1048576K
GC Heap History (20 events):
Event: 940.174 GC heap before
{Heap before GC invocations=17 (full 0):
 garbage-first heap   total reserved 4194304K, committed 264192K, used 158778K [0x0000000700000000, 0x0000000800000000)
  region size 2048K, 76 young (155648K), 1 survivors (2048K)
 Metaspace       used 10160K, committed 10432K, reserved 1114112K
  class space    used 1036K, committed 1152K, reserved 1048576K
}
Event: 940.176 GC heap after
{Heap after GC invocations=18 (full 0):
 garbage-first heap   total reserved 4194304K, committed 264192K, used 5089K [0x0000000700000000, 0x0000000800000000)
  region size 2048K, 1 young (2048K), 1 survivors (2048K)
 Metaspace       used 10160K, committed 10432K, reserved 1114112K
  class space    used 1036K, committed 1152K, reserved 1048576K
}
Event: 998.661 GC heap before
{Heap before GC invocations=18 (full 0):
 garbage-first heap   total reserved 4194304K, committed 264192K, used 158689K [0x0000000700000000, 0x0000000800000000)
  region size 2048K, 76 young (155648K), 1 survivors (2048K)
 Metaspace       used 10160K, committed 10432K, reserved 1114112K
  class space    used 1036K, committed 1152K, reserved 1048576K
}
Event: 998.662 GC heap after
{Heap after GC invocations=19 (full 0):
 garbage-first heap   total reserved 4194304K, committed 264192K, used 5116K [0x0000000700000000, 0x0000000800000000)
  region size 2048K, 1 young (2048K), 1 survivors (2048K)
 Metaspace       used 10160K, committed 10432K, reserved 1114112K
  class space    used 1036K, committed 1152K, reserved 1048576K
}
Event: 1057.910 GC heap before
{Heap before GC invocations=19 (full 0):
 garbage-first heap   total reserved 4194304K, committed 264192K, used 158716K [0x0000000700000000, 0x0000000800000000)
  region size 2048K, 76 young (155648K), 1 survivors (2048K)
 Metaspace       used 10163K, committed 10432K, reserved 1114112K
  class space    used 1036K, committed 1152K, reserved 1048576K
}
Event: 1057.911 GC heap after
{Heap after GC invocations=20 (full 0):
 garbage-first heap   total reserved 4194304K, committed 264192K, used 5109K [0x0000000700000000, 0x0000000800000000)
  region size 2048K, 1 young (2048K), 1 survivors (2048K)
 Metaspace       used 10163K, committed 10432K, reserved 1114112K
  class space    used 1036K, committed 1152K, reserved 1048576K
}
Event: 1117.206 GC heap before
{Heap before GC invocations=20 (full 0):
 garbage-first heap   total reserved 4194304K, committed 264192K, used 158709K [0x0000000700000000, 0x0000000800000000)
  region size 2048K, 76 young (155648K), 1 survivors (2048K)
 Metaspace       used 10163K, committed 10432K, reserved 1114112K
  class space    used 1036K, committed 1152K, reserved 1048576K
}
Event: 1117.210 GC heap after
{Heap after GC invocations=21 (full 0):
 garbage-first heap   total reserved 4194304K, committed 264192K, used 5105K [0x0000000700000000, 0x0000000800000000)
  region size 2048K, 1 young (2048K), 1 survivors (2048K)
 Metaspace       used 10163K, committed 10432K, reserved 1114112K
  class space    used 1036K, committed 1152K, reserved 1048576K
}
Event: 1177.280 GC heap before
{Heap before GC invocations=21 (full 0):
 garbage-first heap   total reserved 4194304K, committed 264192K, used 158705K [0x0000000700000000, 0x0000000800000000)
  region size 2048K, 76 young (155648K), 1 survivors (2048K)
 Metaspace       used 10163K, committed 10432K, reserved 1114112K
  class space    used 1036K, committed 1152K, reserved 1048576K
}
Event: 1177.283 GC heap after
{Heap after GC invocations=22 (full 0):
 garbage-first heap   total reserved 4194304K, committed 264192K, used 5111K [0x0000000700000000, 0x0000000800000000)
  region size 2048K, 1 young (2048K), 1 survivors (2048K)
 Metaspace       used 10163K, committed 10432K, reserved 1114112K
  class space    used 1036K, committed 1152K, reserved 1048576K
}
Event: 1236.462 GC heap before
{Heap before GC invocations=22 (full 0):
 garbage-first heap   total reserved 4194304K, committed 264192K, used 158711K [0x0000000700000000, 0x0000000800000000)
  region size 2048K, 76 young (155648K), 1 survivors (2048K)
 Metaspace       used 10163K, committed 10432K, reserved 1114112K
  class space    used 1036K, committed 1152K, reserved 1048576K
}
Event: 1236.477 GC heap after
{Heap after GC invocations=23 (full 0):
 garbage-first heap   total reserved 4194304K, committed 264192K, used 5111K [0x0000000700000000, 0x0000000800000000)
  region size 2048K, 1 young (2048K), 1 survivors (2048K)
 Metaspace       used 10163K, committed 10432K, reserved 1114112K
  class space    used 1036K, committed 1152K, reserved 1048576K
}
Event: 1295.231 GC heap before
{Heap before GC invocations=23 (full 0):
 garbage-first heap   total reserved 4194304K, committed 264192K, used 158711K [0x0000000700000000, 0x0000000800000000)
  region size 2048K, 76 young (155648K), 1 survivors (2048K)
 Metaspace       used 10163K, committed 10432K, reserved 1114112K
  class space    used 1036K, committed 1152K, reserved 1048576K
}
Event: 1295.234 GC heap after
{Heap after GC invocations=24 (full 0):
 garbage-first heap   total reserved 4194304K, committed 264192K, used 5111K [0x0000000700000000, 0x0000000800000000)
  region size 2048K, 1 young (2048K), 1 survivors (2048K)
 Metaspace       used 10163K, committed 10432K, reserved 1114112K
  class space    used 1036K, committed 1152K, reserved 1048576K
}
Event: 1355.149 GC heap before
{Heap before GC invocations=24 (full 0):
 garbage-first heap   total reserved 4194304K, committed 264192K, used 158711K [0x0000000700000000, 0x0000000800000000)
  region size 2048K, 76 young (155648K), 1 survivors (2048K)
 Metaspace       used 10163K, committed 10432K, reserved 1114112K
  class space    used 1036K, committed 1152K, reserved 1048576K
}
Event: 1355.153 GC heap after
{Heap after GC invocations=25 (full 0):
 garbage-first heap   total reserved 4194304K, committed 264192K, used 5109K [0x0000000700000000, 0x0000000800000000)
  region size 2048K, 1 young (2048K), 1 survivors (2048K)
 Metaspace       used 10163K, committed 10432K, reserved 1114112K
  class space    used 1036K, committed 1152K, reserved 1048576K
}
Event: 1413.844 GC heap before
{Heap before GC invocations=25 (full 0):
 garbage-first heap   total reserved 4194304K, committed 264192K, used 158709K [0x0000000700000000, 0x0000000800000000)
  region size 2048K, 76 young (155648K), 1 survivors (2048K)
 Metaspace       used 10163K, committed 10432K, reserved 1114112K
  class space    used 1036K, committed 1152K, reserved 1048576K
}
Event: 1413.846 GC heap after
{Heap after GC invocations=26 (full 0):
 garbage-first heap   total reserved 4194304K, committed 264192K, used 5111K [0x0000000700000000, 0x0000000800000000)
  region size 2048K, 1 young (2048K), 1 survivors (2048K)
 Metaspace       used 10163K, committed 10432K, reserved 1114112K
  class space    used 1036K, committed 1152K, reserved 1048576K
}
Event: 1473.180 GC heap before
{Heap before GC invocations=26 (full 0):
 garbage-first heap   total reserved 4194304K, committed 264192K, used 158711K [0x0000000700000000, 0x0000000800000000)
  region size 2048K, 76 young (155648K), 1 survivors (2048K)
 Metaspace       used 10163K, committed 10432K, reserved 1114112K
  class space    used 1036K, committed 1152K, reserved 1048576K
}
Event: 1473.182 GC heap after
{Heap after GC invocations=27 (full 0):
 garbage-first heap   total reserved 4194304K, committed 264192K, used 5114K [0x0000000700000000, 0x0000000800000000)
  region size 2048K, 1 young (2048K), 1 survivors (2048K)
 Metaspace       used 10163K, committed 10432K, reserved 1114112K
  class space    used 1036K, committed 1152K, reserved 1048576K
}

